<?xml version="1.0" encoding="UTF-8"?>
<testng-results skipped="0" failed="0" ignored="0" total="1" passed="1">
  <reporter-output>
  </reporter-output>
  <suite name="Default suite" duration-ms="15315" started-at="2020-02-01T07:41:56Z" finished-at="2020-02-01T07:42:11Z">
    <groups>
    </groups>
    <test name="Default test" duration-ms="15315" started-at="2020-02-01T07:41:56Z" finished-at="2020-02-01T07:42:11Z">
      <class name="tests.MyTest">
        <test-method status="PASS" signature="setup()[pri:0, instance:tests.MyTest@1bce4f0a]" name="setup" is-config="true" duration-ms="13965" started-at="2020-02-01T07:41:56Z" finished-at="2020-02-01T07:42:10Z">
          <reporter-output>
          </reporter-output>
        </test-method> <!-- setup -->
        <test-method status="PASS" signature="buscarAlgoEnLaBarraDeBusqueda()[pri:0, instance:tests.MyTest@1bce4f0a]" name="buscarAlgoEnLaBarraDeBusqueda" duration-ms="1320" started-at="2020-02-01T07:42:10Z" finished-at="2020-02-01T07:42:11Z">
          <reporter-output>
          </reporter-output>
        </test-method> <!-- buscarAlgoEnLaBarraDeBusqueda -->
        <test-method status="PASS" signature="tearDown()[pri:0, instance:tests.MyTest@1bce4f0a]" name="tearDown" is-config="true" duration-ms="0" started-at="2020-02-01T07:42:11Z" finished-at="2020-02-01T07:42:11Z">
          <reporter-output>
          </reporter-output>
        </test-method> <!-- tearDown -->
      </class> <!-- tests.MyTest -->
    </test> <!-- Default test -->
  </suite> <!-- Default suite -->
</testng-results>
