<?xml version="1.0" encoding="UTF-8"?>
<testng-results skipped="0" failed="0" ignored="0" total="1" passed="1">
  <reporter-output>
  </reporter-output>
  <suite name="Default suite" duration-ms="17474" started-at="2020-02-01T07:28:51Z" finished-at="2020-02-01T07:29:08Z">
    <groups>
    </groups>
    <test name="Default test" duration-ms="17474" started-at="2020-02-01T07:28:51Z" finished-at="2020-02-01T07:29:08Z">
      <class name="tests.MyTest">
        <test-method status="PASS" signature="setup()[pri:0, instance:tests.MyTest@1bce4f0a]" name="setup" is-config="true" duration-ms="14187" started-at="2020-02-01T07:28:51Z" finished-at="2020-02-01T07:29:05Z">
          <reporter-output>
          </reporter-output>
        </test-method> <!-- setup -->
        <test-method status="PASS" signature="agregaProductoAlCarritoTC8()[pri:0, instance:tests.MyTest@1bce4f0a]" name="agregaProductoAlCarritoTC8" duration-ms="3255" started-at="2020-02-01T07:29:05Z" finished-at="2020-02-01T07:29:08Z">
          <reporter-output>
          </reporter-output>
        </test-method> <!-- agregaProductoAlCarritoTC8 -->
        <test-method status="PASS" signature="tearDown()[pri:0, instance:tests.MyTest@1bce4f0a]" name="tearDown" is-config="true" duration-ms="0" started-at="2020-02-01T07:29:08Z" finished-at="2020-02-01T07:29:08Z">
          <reporter-output>
          </reporter-output>
        </test-method> <!-- tearDown -->
      </class> <!-- tests.MyTest -->
    </test> <!-- Default test -->
  </suite> <!-- Default suite -->
</testng-results>
